TN:
SF:server/lib/config.ts
FN:31,(anonymous_0)
FN:35,normalizeLanguagePreference
FN:116,(anonymous_2)
FN:120,ttsProviderLabel
FN:128,sttProviderLabel
FN:134,printStartupBanner
FN:144,probeGateway
FN:160,validateConfig
FNF:8
FNH:2
FNDA:48,(anonymous_0)
FNDA:4,normalizeLanguagePreference
FNDA:0,(anonymous_2)
FNDA:0,ttsProviderLabel
FNDA:0,sttProviderLabel
FNDA:0,printStartupBanner
FNDA:0,probeGateway
FNDA:0,validateConfig
DA:15,4
DA:27,4
DA:28,4
DA:30,4
DA:31,48
DA:33,4
DA:36,4
DA:37,4
DA:39,4
DA:40,4
DA:42,4
DA:45,4
DA:111,4
DA:114,4
DA:116,0
DA:121,0
DA:122,0
DA:123,0
DA:124,0
DA:129,0
DA:130,0
DA:135,0
DA:136,0
DA:137,0
DA:138,0
DA:139,0
DA:145,0
DA:146,0
DA:149,0
DA:150,0
DA:152,0
DA:155,0
DA:162,0
DA:163,0
DA:171,0
DA:172,0
DA:178,0
DA:180,0
DA:181,0
DA:182,0
DA:185,0
DA:186,0
DA:194,0
DA:195,0
DA:197,0
DA:198,0
DA:200,0
DA:201,0
DA:203,0
DA:205,0
DA:206,0
DA:208,0
DA:209,0
DA:216,0
DA:217,0
DA:218,0
DA:219,0
DA:220,0
DA:221,0
DA:223,0
DA:229,0
LF:61
LH:14
BRDA:30,0,0,4
BRDA:30,0,1,0
BRDA:33,1,0,4
BRDA:33,1,1,0
BRDA:36,2,0,4
BRDA:36,2,1,0
BRDA:37,3,0,0
BRDA:37,3,1,4
BRDA:37,4,0,4
BRDA:37,4,1,4
BRDA:39,5,0,4
BRDA:39,5,1,0
BRDA:40,6,0,0
BRDA:40,6,1,4
BRDA:46,7,0,4
BRDA:46,7,1,4
BRDA:47,8,0,4
BRDA:47,8,1,4
BRDA:50,9,0,4
BRDA:50,9,1,4
BRDA:52,10,0,4
BRDA:52,10,1,0
BRDA:53,11,0,4
BRDA:53,11,1,0
BRDA:56,12,0,4
BRDA:56,12,1,0
BRDA:57,13,0,4
BRDA:57,13,1,0
BRDA:58,14,0,4
BRDA:58,14,1,4
BRDA:64,15,0,4
BRDA:64,15,1,0
BRDA:64,16,0,4
BRDA:64,16,1,4
BRDA:69,17,0,4
BRDA:69,17,1,4
BRDA:70,18,0,4
BRDA:70,18,1,0
BRDA:70,18,2,0
BRDA:73,19,0,4
BRDA:73,19,1,0
BRDA:80,20,0,4
BRDA:80,20,1,4
BRDA:81,21,0,4
BRDA:81,21,1,4
BRDA:82,22,0,4
BRDA:82,22,1,4
BRDA:83,23,0,4
BRDA:83,23,1,4
BRDA:100,24,0,4
BRDA:100,24,1,4
BRDA:101,25,0,4
BRDA:101,25,1,4
BRDA:104,26,0,4
BRDA:104,26,1,4
BRDA:105,27,0,4
BRDA:105,27,1,4
BRDA:106,28,0,4
BRDA:106,28,1,4
BRDA:107,29,0,4
BRDA:107,29,1,4
BRDA:116,30,0,4
BRDA:116,30,1,4
BRDA:121,31,0,0
BRDA:121,31,1,0
BRDA:121,32,0,0
BRDA:121,32,1,0
BRDA:122,33,0,0
BRDA:122,33,1,0
BRDA:123,34,0,0
BRDA:123,34,1,0
BRDA:129,35,0,0
BRDA:129,35,1,0
BRDA:129,36,0,0
BRDA:129,36,1,0
BRDA:138,37,0,0
BRDA:138,37,1,0
BRDA:149,38,0,0
BRDA:149,38,1,0
BRDA:162,39,0,0
BRDA:162,39,1,0
BRDA:171,40,0,0
BRDA:171,40,1,0
BRDA:171,41,0,0
BRDA:171,41,1,0
BRDA:171,41,2,0
BRDA:178,42,0,0
BRDA:178,42,1,0
BRDA:178,43,0,0
BRDA:178,43,1,0
BRDA:185,44,0,0
BRDA:185,44,1,0
BRDA:185,45,0,0
BRDA:185,45,1,0
BRDA:194,46,0,0
BRDA:194,46,1,0
BRDA:197,47,0,0
BRDA:197,47,1,0
BRDA:200,48,0,0
BRDA:200,48,1,0
BRDA:200,49,0,0
BRDA:200,49,1,0
BRDA:203,50,0,0
BRDA:203,50,1,0
BRDA:203,51,0,0
BRDA:203,51,1,0
BRDA:206,52,0,0
BRDA:206,52,1,0
BRDA:206,53,0,0
BRDA:206,53,1,0
BRDA:208,54,0,0
BRDA:208,54,1,0
BRDA:208,55,0,0
BRDA:208,55,1,0
BRDA:208,55,2,0
BRDA:216,56,0,0
BRDA:216,56,1,0
BRDA:218,57,0,0
BRDA:218,57,1,0
BRF:119
BRH:49
end_of_record
TN:
SF:server/lib/constants.ts
FNF:0
FNH:0
DA:10,5
DA:11,5
DA:15,5
DA:16,5
DA:17,5
DA:21,5
DA:22,5
DA:23,5
DA:24,5
DA:25,5
DA:29,5
DA:33,5
DA:34,5
DA:46,5
DA:62,5
DA:137,5
DA:149,5
LF:17
LH:17
BRDA:10,0,0,5
BRDA:10,0,1,5
BRDA:11,1,0,5
BRDA:11,1,1,5
BRDA:29,2,0,5
BRDA:29,2,1,5
BRF:6
BRH:6
end_of_record
TN:
SF:server/lib/env-file.ts
FN:14,detectLineEnding
FN:19,upsertEnvContent
FN:37,(anonymous_2)
FN:59,writeEnvKey
FN:66,(anonymous_4)
FNF:5
FNH:5
FNDA:6,detectLineEnding
FNDA:7,upsertEnvContent
FNDA:11,(anonymous_2)
FNDA:3,writeEnvKey
FNDA:3,(anonymous_4)
DA:11,1
DA:12,1
DA:15,6
DA:20,7
DA:21,7
DA:22,0
DA:24,7
DA:25,1
DA:28,6
DA:29,6
DA:32,7
DA:33,5
DA:36,6
DA:37,6
DA:38,11
DA:39,11
DA:41,9
DA:42,3
DA:43,3
DA:46,6
DA:49,6
DA:50,3
DA:53,6
DA:64,3
DA:66,3
DA:67,3
DA:68,3
DA:69,3
DA:74,3
DA:75,3
DA:76,3
LF:31
LH:30
BRDA:15,0,0,1
BRDA:15,0,1,5
BRDA:21,1,0,0
BRDA:21,1,1,7
BRDA:24,2,0,1
BRDA:24,2,1,6
BRDA:29,3,0,6
BRDA:29,3,1,0
BRDA:32,4,0,5
BRDA:32,4,1,2
BRDA:32,5,0,7
BRDA:32,5,1,6
BRDA:39,6,0,2
BRDA:39,6,1,9
BRDA:41,7,0,3
BRDA:41,7,1,6
BRDA:49,8,0,3
BRDA:49,8,1,3
BRDA:62,9,0,3
BRF:19
BRH:17
end_of_record
TN:
SF:server/lib/mutex.ts
FN:12,createMutex
FN:15,withLock
FN:17,(anonymous_2)
FN:36,withMutex
FNF:4
FNH:4
FNDA:7,createMutex
FNDA:21,withLock
FNDA:21,(anonymous_2)
FNDA:3,withMutex
DA:13,7
DA:15,7
DA:17,21
DA:18,21
DA:19,21
DA:21,21
DA:22,21
DA:23,21
DA:25,21
DA:34,2
DA:37,3
DA:38,3
DA:39,1
DA:40,1
DA:42,3
LF:15
LH:15
BRDA:38,0,0,1
BRDA:38,0,1,2
BRF:2
BRH:2
end_of_record
TN:
SF:server/middleware/rate-limit.ts
FN:35,cleanup
FN:39,(anonymous_1)
FN:72,getClientId
FN:105,rateLimit
FN:108,(anonymous_4)
FN:128,(anonymous_5)
FNF:6
FNH:4
FNDA:0,cleanup
FNDA:0,(anonymous_1)
FNDA:23,getClientId
FNDA:11,rateLimit
FNDA:23,(anonymous_4)
FNDA:22,(anonymous_5)
DA:26,1
DA:29,1
DA:32,1
DA:33,1
DA:36,0
DA:37,0
DA:38,0
DA:39,0
DA:40,0
DA:41,0
DA:47,1
DA:48,1
DA:54,1
DA:57,1
DA:58,1
DA:59,0
DA:60,0
DA:61,0
DA:74,23
DA:75,23
DA:78,1
DA:79,1
DA:80,1
DA:81,1
DA:87,1
DA:89,0
DA:90,0
DA:91,0
DA:93,0
DA:94,0
DA:95,0
DA:99,1
DA:106,11
DA:108,11
DA:110,23
DA:111,23
DA:112,23
DA:113,23
DA:114,23
DA:116,23
DA:117,23
DA:119,10
DA:120,0
DA:121,0
DA:123,10
DA:124,10
DA:128,23
DA:130,23
DA:131,5
DA:132,5
DA:134,5
DA:135,5
DA:136,5
DA:137,5
DA:139,5
DA:143,18
DA:146,18
DA:147,18
DA:149,18
DA:154,1
DA:157,1
DA:160,1
LF:62
LH:45
BRDA:40,0,0,0
BRDA:40,0,1,0
BRDA:58,1,0,0
BRDA:58,1,1,1
BRDA:61,2,0,0
BRDA:61,2,1,0
BRDA:75,3,0,22
BRDA:75,3,1,1
BRDA:81,4,0,1
BRDA:81,4,1,0
BRDA:87,5,0,0
BRDA:87,5,1,1
BRDA:90,6,0,0
BRDA:90,6,1,0
BRDA:94,7,0,0
BRDA:94,7,1,0
BRDA:117,8,0,10
BRDA:117,8,1,13
BRDA:119,9,0,0
BRDA:119,9,1,10
BRDA:121,10,0,0
BRDA:121,10,1,0
BRDA:130,11,0,5
BRDA:130,11,1,18
BRF:24
BRH:10
end_of_record
TN:
SF:server/routes/health.ts
FN:11,(anonymous_0)
FNF:1
FNH:1
FNDA:4,(anonymous_0)
DA:9,4
DA:11,4
DA:12,4
DA:13,4
DA:14,4
DA:17,3
DA:22,4
LF:7
LH:7
BRDA:17,0,0,2
BRDA:17,0,1,1
BRF:2
BRH:2
end_of_record
TN:
SF:server/services/tts-cache.ts
FN:21,getTtsCache
FN:41,setTtsCache
FNF:2
FNH:2
FNDA:18,getTtsCache
FNDA:15,setTtsCache
DA:13,7
DA:14,7
DA:15,7
DA:22,18
DA:23,18
DA:25,13
DA:26,1
DA:27,1
DA:28,1
DA:32,12
DA:33,12
DA:34,12
DA:35,12
DA:42,15
DA:43,15
DA:44,15
DA:45,0
DA:47,15
DA:48,15
DA:51,15
DA:52,31
DA:53,1
DA:54,1
DA:59,15
DA:60,2
DA:61,2
DA:62,2
DA:63,2
DA:64,2
DA:68,15
DA:69,1
DA:70,1
DA:71,1
DA:72,1
DA:73,1
LF:35
LH:34
BRDA:23,0,0,5
BRDA:23,0,1,13
BRDA:25,1,0,1
BRDA:25,1,1,12
BRDA:44,2,0,0
BRDA:44,2,1,15
BRDA:52,3,0,1
BRDA:52,3,1,30
BRDA:61,4,0,0
BRDA:61,4,1,2
BRDA:63,5,0,2
BRDA:63,5,1,0
BRDA:68,6,0,15
BRDA:68,6,1,1
BRDA:70,7,0,0
BRDA:70,7,1,1
BRDA:72,8,0,1
BRDA:72,8,1,0
BRF:18
BRH:13
end_of_record
TN:
SF:src/features/tts/useTTS.ts
FN:8,unlockAudio
FN:19,(anonymous_1)
FN:19,(anonymous_2)
FN:25,(anonymous_3)
FN:27,(anonymous_4)
FN:29,(anonymous_5)
FN:38,migrateTTSProvider
FN:44,fetchTTS
FN:66,useTTS
FN:70,(anonymous_9)
FN:79,(anonymous_10)
FN:80,(anonymous_11)
FN:85,(anonymous_12)
FN:97,(anonymous_13)
FN:106,(anonymous_14)
FN:122,extractTTSMarkers
FN:124,(anonymous_16)
FNF:17
FNH:4
FNDA:0,unlockAudio
FNDA:0,(anonymous_1)
FNDA:0,(anonymous_2)
FNDA:0,(anonymous_3)
FNDA:0,(anonymous_4)
FNDA:3,(anonymous_5)
FNDA:6,migrateTTSProvider
FNDA:0,fetchTTS
FNDA:0,useTTS
FNDA:0,(anonymous_9)
FNDA:0,(anonymous_10)
FNDA:0,(anonymous_11)
FNDA:0,(anonymous_12)
FNDA:0,(anonymous_13)
FNDA:0,(anonymous_14)
FNDA:11,extractTTSMarkers
FNDA:10,(anonymous_16)
DA:7,1
DA:9,0
DA:10,0
DA:11,0
DA:12,0
DA:13,0
DA:14,0
DA:15,0
DA:16,0
DA:17,0
DA:19,0
DA:23,1
DA:24,1
DA:25,1
DA:26,0
DA:27,0
DA:29,3
DA:39,6
DA:40,5
DA:41,2
DA:45,0
DA:46,0
DA:47,0
DA:52,0
DA:54,0
DA:55,0
DA:56,0
DA:57,0
DA:67,0
DA:68,0
DA:70,0
DA:71,0
DA:72,0
DA:73,0
DA:74,0
DA:75,0
DA:76,0
DA:79,0
DA:80,0
DA:81,0
DA:85,0
DA:86,0
DA:87,0
DA:88,0
DA:89,0
DA:90,0
DA:92,0
DA:93,0
DA:94,0
DA:95,0
DA:96,0
DA:97,0
DA:98,0
DA:99,0
DA:100,0
DA:101,0
DA:102,0
DA:105,0
DA:106,0
DA:107,0
DA:108,0
DA:110,0
DA:111,0
DA:114,0
DA:118,0
DA:123,11
DA:124,11
DA:125,10
DA:126,10
DA:128,11
LF:70
LH:13
BRDA:9,0,0,0
BRDA:9,0,1,0
BRDA:23,1,0,1
BRDA:23,1,1,0
BRDA:39,2,0,1
BRDA:39,2,1,5
BRDA:40,3,0,3
BRDA:40,3,1,2
BRDA:40,4,0,5
BRDA:40,4,1,4
BRDA:40,4,2,3
BRDA:44,5,0,0
BRDA:46,6,0,0
BRDA:46,6,1,0
BRDA:52,7,0,0
BRDA:52,7,1,0
BRDA:55,8,0,0
BRDA:55,8,1,0
BRDA:66,9,0,0
BRDA:72,10,0,0
BRDA:72,10,1,0
BRDA:86,11,0,0
BRDA:86,11,1,0
BRDA:86,12,0,0
BRDA:86,12,1,0
BRDA:92,13,0,0
BRDA:92,13,1,0
BRDA:98,14,0,0
BRDA:98,14,1,0
BRDA:101,15,0,0
BRDA:101,15,1,0
BRDA:114,16,0,0
BRDA:114,16,1,0
BRDA:125,17,0,8
BRDA:125,17,1,2
BRF:35
BRH:10
end_of_record
TN:
SF:src/features/voice/audio-feedback.ts
FN:5,ensureAudioContext
FN:14,(anonymous_1)
FN:21,playPingTone
FN:58,playWakePing
FN:60,playSubmitPing
FN:62,playCancelPing
FN:65,playPing
FNF:7
FNH:6
FNDA:24,ensureAudioContext
FNDA:0,(anonymous_1)
FNDA:13,playPingTone
FNDA:5,playWakePing
FNDA:4,playSubmitPing
FNDA:4,playCancelPing
FNDA:3,playPing
DA:2,21
DA:6,24
DA:7,24
DA:8,21
DA:9,21
DA:10,16
DA:13,24
DA:14,1
DA:22,13
DA:23,13
DA:24,13
DA:26,10
DA:27,10
DA:28,10
DA:29,10
DA:30,10
DA:32,10
DA:33,10
DA:34,10
DA:35,10
DA:36,10
DA:37,10
DA:39,10
DA:40,6
DA:41,6
DA:42,6
DA:43,6
DA:45,6
DA:46,6
DA:47,6
DA:48,6
DA:49,6
DA:50,6
DA:58,5
DA:60,4
DA:62,4
DA:66,3
DA:67,3
DA:68,3
DA:70,2
DA:71,2
DA:72,2
DA:73,2
DA:74,2
DA:75,2
DA:76,2
DA:77,2
DA:78,2
DA:79,2
DA:80,2
LF:50
LH:50
BRDA:7,0,0,21
BRDA:7,0,1,3
BRDA:8,1,0,21
BRDA:8,1,1,6
BRDA:9,2,0,16
BRDA:9,2,1,5
BRDA:13,3,0,1
BRDA:13,3,1,23
BRDA:21,4,0,13
BRDA:24,5,0,3
BRDA:24,5,1,10
BRDA:39,6,0,6
BRDA:39,6,1,4
BRDA:68,7,0,1
BRDA:68,7,1,2
BRF:15
BRH:15
end_of_record
TN:
SF:src/features/voice/useVoiceInput.ts
FN:21,fetchVoicePhrases
FN:41,invalidatePhrasesCache
FN:48,getSpeechRecognition
FN:55,normalizeForMatch
FN:77,matchesPhrase
FN:81,(anonymous_5)
FN:116,resolveRecognitionLang
FN:135,useVoiceInput
FN:153,(anonymous_8)
FN:158,(anonymous_9)
FN:163,(anonymous_10)
FN:167,(anonymous_11)
FN:173,(anonymous_12)
FN:179,(anonymous_13)
FN:205,(anonymous_14)
FN:210,(anonymous_15)
FN:211,(anonymous_16)
FN:219,(anonymous_17)
FN:220,(anonymous_18)
FN:227,(anonymous_19)
FN:251,(anonymous_20)
FN:263,(anonymous_21)
FN:289,(anonymous_22)
FN:298,(anonymous_23)
FN:311,(anonymous_24)
FN:324,(anonymous_25)
FN:328,(anonymous_26)
FN:340,(anonymous_27)
FN:354,(anonymous_28)
FN:368,(anonymous_29)
FN:387,(anonymous_30)
FN:396,(anonymous_31)
FN:422,(anonymous_32)
FN:439,(anonymous_33)
FN:450,(anonymous_34)
FN:456,(anonymous_35)
FN:465,(anonymous_36)
FN:468,(anonymous_37)
FN:475,(anonymous_38)
FN:490,(anonymous_39)
FN:492,(anonymous_40)
FN:499,(anonymous_41)
FN:514,(anonymous_42)
FN:525,(anonymous_43)
FN:532,(anonymous_44)
FN:534,(anonymous_45)
FNF:46
FNH:33
FNDA:33,fetchVoicePhrases
FNDA:33,invalidatePhrasesCache
FNDA:59,getSpeechRecognition
FNDA:0,normalizeForMatch
FNDA:0,matchesPhrase
FNDA:0,(anonymous_5)
FNDA:41,resolveRecognitionLang
FNDA:88,useVoiceInput
FNDA:33,(anonymous_8)
FNDA:40,(anonymous_9)
FNDA:33,(anonymous_10)
FNDA:33,(anonymous_11)
FNDA:33,(anonymous_12)
FNDA:33,(anonymous_13)
FNDA:46,(anonymous_14)
FNDA:34,(anonymous_15)
FNDA:29,(anonymous_16)
FNDA:38,(anonymous_17)
FNDA:8,(anonymous_18)
FNDA:34,(anonymous_19)
FNDA:29,(anonymous_20)
FNDA:0,(anonymous_21)
FNDA:2,(anonymous_22)
FNDA:0,(anonymous_23)
FNDA:0,(anonymous_24)
FNDA:0,(anonymous_25)
FNDA:0,(anonymous_26)
FNDA:9,(anonymous_27)
FNDA:8,(anonymous_28)
FNDA:2,(anonymous_29)
FNDA:4,(anonymous_30)
FNDA:3,(anonymous_31)
FNDA:25,(anonymous_32)
FNDA:4,(anonymous_33)
FNDA:2,(anonymous_34)
FNDA:33,(anonymous_35)
FNDA:33,(anonymous_36)
FNDA:0,(anonymous_37)
FNDA:0,(anonymous_38)
FNDA:33,(anonymous_39)
FNDA:0,(anonymous_40)
FNDA:0,(anonymous_41)
FNDA:0,(anonymous_42)
FNDA:33,(anonymous_43)
FNDA:33,(anonymous_44)
FNDA:33,(anonymous_45)
DA:13,1
DA:18,1
DA:22,33
DA:23,33
DA:24,33
DA:25,33
DA:26,33
DA:27,32
DA:28,32
DA:33,33
DA:34,33
DA:36,0
DA:42,33
DA:45,1
DA:49,59
DA:50,59
DA:56,0
DA:63,0
DA:65,0
DA:66,0
DA:67,0
DA:68,0
DA:74,0
DA:78,0
DA:79,0
DA:81,0
DA:82,0
DA:83,0
DA:100,1
DA:117,41
DA:119,41
DA:120,2
DA:123,39
DA:124,39
DA:128,0
DA:129,0
DA:132,0
DA:141,88
DA:142,88
DA:143,88
DA:144,88
DA:145,88
DA:146,88
DA:147,88
DA:148,88
DA:151,88
DA:152,88
DA:153,88
DA:154,33
DA:158,88
DA:159,40
DA:163,88
DA:166,88
DA:167,88
DA:168,33
DA:169,33
DA:173,88
DA:174,33
DA:175,33
DA:178,88
DA:179,33
DA:189,88
DA:190,88
DA:191,88
DA:192,88
DA:193,88
DA:194,88
DA:195,88
DA:196,88
DA:197,88
DA:199,88
DA:201,88
DA:203,88
DA:205,88
DA:206,46
DA:207,46
DA:210,88
DA:211,34
DA:212,29
DA:213,29
DA:215,34
DA:216,34
DA:219,88
DA:220,38
DA:221,38
DA:222,38
DA:223,38
DA:227,88
DA:228,34
DA:231,34
DA:232,0
DA:233,0
DA:234,0
DA:237,34
DA:238,34
DA:239,0
DA:240,0
DA:241,0
DA:242,0
DA:243,0
DA:244,0
DA:247,0
DA:251,34
DA:253,29
DA:254,27
DA:256,27
DA:257,27
DA:258,27
DA:259,27
DA:260,27
DA:261,27
DA:263,27
DA:264,0
DA:265,0
DA:266,0
DA:267,0
DA:268,0
DA:269,0
DA:270,0
DA:271,0
DA:273,0
DA:274,0
DA:275,0
DA:276,0
DA:278,0
DA:279,0
DA:280,0
DA:281,0
DA:282,0
DA:283,0
DA:289,27
DA:290,2
DA:291,2
DA:292,2
DA:293,1
DA:295,0
DA:298,27
DA:299,0
DA:300,0
DA:302,0
DA:305,27
DA:306,27
DA:307,27
DA:309,0
DA:311,0
DA:312,0
DA:313,0
DA:321,88
DA:322,88
DA:324,88
DA:325,0
DA:326,0
DA:327,0
DA:328,0
DA:329,0
DA:330,0
DA:331,0
DA:332,0
DA:333,0
DA:334,0
DA:340,88
DA:342,9
DA:344,9
DA:345,9
DA:346,9
DA:348,9
DA:349,9
DA:350,8
DA:351,8
DA:352,8
DA:353,8
DA:354,8
DA:355,8
DA:356,8
DA:358,8
DA:360,1
DA:361,1
DA:362,1
DA:363,1
DA:368,88
DA:369,2
DA:370,2
DA:371,2
DA:372,2
DA:374,2
DA:375,2
DA:376,2
DA:378,2
DA:379,2
DA:380,1
DA:381,1
DA:383,1
DA:387,88
DA:388,4
DA:389,4
DA:390,3
DA:391,3
DA:392,3
DA:393,3
DA:395,3
DA:396,3
DA:397,3
DA:398,3
DA:399,3
DA:400,3
DA:401,3
DA:402,3
DA:403,3
DA:404,2
DA:406,2
DA:407,3
DA:409,1
DA:412,3
DA:413,0
DA:414,0
DA:416,3
DA:419,3
DA:422,88
DA:423,25
DA:424,25
DA:425,1
DA:426,1
DA:427,1
DA:428,1
DA:429,1
DA:432,24
DA:433,24
DA:434,24
DA:435,24
DA:436,24
DA:439,88
DA:440,4
DA:441,4
DA:442,4
DA:443,4
DA:444,4
DA:445,4
DA:446,4
DA:450,88
DA:451,2
DA:452,1
DA:456,88
DA:457,33
DA:458,0
DA:463,88
DA:464,88
DA:465,88
DA:466,33
DA:468,26
DA:469,0
DA:470,0
DA:473,0
DA:477,0
DA:483,88
DA:484,88
DA:485,88
DA:486,88
DA:487,88
DA:488,88
DA:490,88
DA:491,33
DA:492,33
DA:493,0
DA:494,0
DA:496,0
DA:499,33
DA:500,0
DA:501,0
DA:502,0
DA:503,0
DA:504,0
DA:506,0
DA:507,0
DA:508,0
DA:509,0
DA:510,0
DA:513,0
DA:514,0
DA:515,0
DA:516,0
DA:523,33
DA:524,33
DA:525,33
DA:526,33
DA:527,33
DA:532,88
DA:533,33
DA:534,33
DA:536,33
DA:537,33
DA:538,33
DA:539,33
DA:540,33
DA:541,33
DA:542,33
DA:543,3
DA:545,33
DA:549,88
LF:298
LH:212
BRDA:22,0,0,33
BRDA:22,0,1,0
BRDA:23,1,0,0
BRDA:23,1,1,33
BRDA:23,2,0,33
BRDA:23,2,1,0
BRDA:26,3,0,1
BRDA:26,3,1,32
BRDA:29,4,0,0
BRDA:29,4,1,32
BRDA:30,5,0,0
BRDA:30,5,1,32
BRDA:31,6,0,0
BRDA:31,6,1,32
BRDA:50,7,0,59
BRDA:50,7,1,3
BRDA:56,8,0,0
BRDA:56,8,1,0
BRDA:63,9,0,0
BRDA:63,9,1,0
BRDA:65,10,0,0
BRDA:65,10,1,0
BRDA:66,11,0,0
BRDA:66,11,1,0
BRDA:79,12,0,0
BRDA:79,12,1,0
BRDA:83,13,0,0
BRDA:83,13,1,0
BRDA:117,14,0,41
BRDA:117,14,1,1
BRDA:119,15,0,2
BRDA:119,15,1,39
BRDA:119,16,0,41
BRDA:119,16,1,40
BRDA:123,17,0,39
BRDA:123,17,1,0
BRDA:128,18,0,0
BRDA:128,18,1,0
BRDA:137,19,0,88
BRDA:138,20,0,88
BRDA:139,21,0,88
BRDA:166,22,0,88
BRDA:166,22,1,29
BRDA:175,23,0,33
BRDA:175,23,1,0
BRDA:231,24,0,0
BRDA:231,24,1,34
BRDA:238,25,0,0
BRDA:238,25,1,34
BRDA:240,26,0,0
BRDA:240,26,1,0
BRDA:243,27,0,0
BRDA:243,27,1,0
BRDA:253,28,0,2
BRDA:253,28,1,27
BRDA:253,29,0,29
BRDA:253,29,1,21
BRDA:254,30,0,0
BRDA:254,30,1,27
BRDA:254,31,0,27
BRDA:254,31,1,8
BRDA:267,32,0,0
BRDA:267,32,1,0
BRDA:268,33,0,0
BRDA:268,33,1,0
BRDA:273,34,0,0
BRDA:273,34,1,0
BRDA:278,35,0,0
BRDA:278,35,1,0
BRDA:279,36,0,0
BRDA:279,36,1,0
BRDA:291,37,0,0
BRDA:291,37,1,2
BRDA:292,38,0,1
BRDA:292,38,1,1
BRDA:292,39,0,2
BRDA:292,39,1,1
BRDA:293,40,0,1
BRDA:293,40,1,0
BRDA:300,41,0,0
BRDA:300,41,1,0
BRDA:312,42,0,0
BRDA:312,42,1,0
BRDA:312,43,0,0
BRDA:312,43,1,0
BRDA:329,44,0,0
BRDA:329,44,1,0
BRDA:329,45,0,0
BRDA:329,45,1,0
BRDA:329,45,2,0
BRDA:329,45,3,0
BRDA:333,46,0,0
BRDA:333,46,1,0
BRDA:333,47,0,0
BRDA:333,47,1,0
BRDA:333,47,2,0
BRDA:354,48,0,8
BRDA:354,48,1,0
BRDA:361,49,0,1
BRDA:361,49,1,0
BRDA:374,50,0,2
BRDA:374,50,1,0
BRDA:379,51,0,1
BRDA:379,51,1,1
BRDA:389,52,0,1
BRDA:389,52,1,3
BRDA:389,53,0,4
BRDA:389,53,1,3
BRDA:403,54,0,1
BRDA:403,54,1,2
BRDA:406,55,0,2
BRDA:406,55,1,0
BRDA:407,56,0,2
BRDA:407,56,1,1
BRDA:412,57,0,0
BRDA:412,57,1,3
BRDA:424,58,0,1
BRDA:424,58,1,24
BRDA:445,59,0,4
BRDA:445,59,1,0
BRDA:451,60,0,1
BRDA:451,60,1,1
BRDA:457,61,0,0
BRDA:457,61,1,33
BRDA:457,62,0,33
BRDA:457,62,1,0
BRDA:466,63,0,7
BRDA:466,63,1,26
BRDA:466,64,0,33
BRDA:466,64,1,26
BRDA:469,65,0,0
BRDA:469,65,1,0
BRDA:493,66,0,0
BRDA:493,66,1,0
BRDA:493,67,0,0
BRDA:493,67,1,0
BRDA:500,68,0,0
BRDA:500,68,1,0
BRDA:500,69,0,0
BRDA:500,69,1,0
BRDA:500,69,2,0
BRDA:506,70,0,0
BRDA:506,70,1,0
BRDA:507,71,0,0
BRDA:507,71,1,0
BRDA:509,72,0,0
BRDA:509,72,1,0
BRDA:509,73,0,0
BRDA:509,73,1,0
BRDA:513,74,0,0
BRDA:513,74,1,0
BRDA:515,75,0,0
BRDA:515,75,1,0
BRDA:542,76,0,3
BRDA:542,76,1,30
BRF:155
BRH:66
end_of_record
TN:
SF:src/hooks/useServerEvents.ts
FN:58,useServerEvents
FN:78,(anonymous_1)
FN:82,connectToSSE
FN:89,(anonymous_3)
FN:95,(anonymous_4)
FN:120,(anonymous_5)
FN:127,(anonymous_6)
FN:136,(anonymous_7)
FN:146,(anonymous_8)
FN:151,(anonymous_9)
FN:156,(anonymous_10)
FNF:11
FNH:11
FNDA:19,useServerEvents
FNDA:8,(anonymous_1)
FNDA:8,connectToSSE
FNDA:8,(anonymous_3)
FNDA:6,(anonymous_4)
FNDA:1,(anonymous_5)
FNDA:1,(anonymous_6)
FNDA:1,(anonymous_7)
FNDA:8,(anonymous_8)
FNDA:8,(anonymous_9)
FNDA:8,(anonymous_10)
DA:66,19
DA:68,19
DA:69,19
DA:70,19
DA:72,19
DA:73,19
DA:74,19
DA:75,19
DA:78,19
DA:79,8
DA:82,19
DA:84,8
DA:86,8
DA:87,8
DA:89,8
DA:90,8
DA:91,8
DA:95,8
DA:96,6
DA:97,6
DA:100,6
DA:101,4
DA:102,4
DA:110,8
DA:111,8
DA:112,8
DA:113,8
DA:114,8
DA:115,8
DA:118,8
DA:120,8
DA:122,1
DA:123,1
DA:124,1
DA:127,1
DA:128,1
DA:129,1
DA:134,1
DA:136,1
DA:137,1
DA:140,1
DA:146,19
DA:147,8
DA:151,19
DA:152,8
DA:153,7
DA:156,8
DA:157,8
DA:158,7
DA:159,7
DA:161,8
DA:162,1
DA:163,1
DA:165,8
DA:169,19
LF:55
LH:55
BRDA:60,0,0,19
BRDA:63,1,0,19
BRDA:64,2,0,19
BRDA:65,3,0,19
BRDA:84,4,0,0
BRDA:84,4,1,8
BRDA:84,5,0,8
BRDA:84,5,1,8
BRDA:100,6,0,4
BRDA:100,6,1,2
BRDA:152,7,0,7
BRDA:152,7,1,1
BRDA:157,8,0,7
BRDA:157,8,1,1
BRDA:161,9,0,1
BRDA:161,9,1,7
BRF:16
BRH:15
end_of_record
TN:
SF:src/hooks/useWebSocket.ts
FN:26,generateInstanceId
FN:30,getOrCreateInstanceId
FN:55,useWebSocket
FN:77,(anonymous_3)
FN:90,(anonymous_4)
FN:97,(anonymous_5)
FN:98,(anonymous_6)
FN:104,(anonymous_7)
FN:115,(anonymous_8)
FN:116,(anonymous_9)
FN:148,(anonymous_10)
FN:152,(anonymous_11)
FN:220,(anonymous_12)
FN:227,(anonymous_13)
FN:255,(anonymous_14)
FN:258,(anonymous_15)
FN:268,(anonymous_16)
FN:273,(anonymous_17)
FN:274,(anonymous_18)
FN:285,(anonymous_19)
FN:299,(anonymous_20)
FNF:21
FNH:19
FNDA:41,generateInstanceId
FNDA:41,getOrCreateInstanceId
FNDA:41,useWebSocket
FNDA:241,(anonymous_3)
FNDA:29,(anonymous_4)
FNDA:3,(anonymous_5)
FNDA:3,(anonymous_6)
FNDA:2,(anonymous_7)
FNDA:111,(anonymous_8)
FNDA:111,(anonymous_9)
FNDA:107,(anonymous_10)
FNDA:6,(anonymous_11)
FNDA:0,(anonymous_12)
FNDA:112,(anonymous_13)
FNDA:100,(anonymous_14)
FNDA:0,(anonymous_15)
FNDA:14,(anonymous_16)
FNDA:14,(anonymous_17)
FNDA:14,(anonymous_18)
FNDA:4,(anonymous_19)
FNDA:11,(anonymous_20)
DA:21,1
DA:22,1
DA:23,1
DA:24,1
DA:27,41
DA:31,41
DA:32,41
DA:34,41
DA:35,41
DA:36,41
DA:38,14
DA:39,14
DA:41,0
DA:56,41
DA:57,41
DA:58,41
DA:59,41
DA:60,41
DA:61,41
DA:62,41
DA:63,41
DA:64,41
DA:65,41
DA:66,41
DA:69,41
DA:70,41
DA:71,41
DA:72,41
DA:73,41
DA:74,41
DA:75,41
DA:77,41
DA:78,241
DA:79,241
DA:80,0
DA:81,0
DA:83,241
DA:84,241
DA:85,0
DA:86,0
DA:90,41
DA:91,29
DA:92,2
DA:93,2
DA:97,41
DA:98,3
DA:99,3
DA:100,3
DA:101,2
DA:102,2
DA:103,2
DA:104,2
DA:105,2
DA:106,2
DA:107,2
DA:108,2
DA:111,2
DA:115,41
DA:116,111
DA:117,111
DA:118,11
DA:120,111
DA:121,111
DA:122,111
DA:123,111
DA:124,111
DA:126,111
DA:129,111
DA:134,111
DA:135,111
DA:136,111
DA:137,111
DA:138,111
DA:140,0
DA:141,0
DA:142,0
DA:143,0
DA:144,0
DA:146,111
DA:148,111
DA:149,107
DA:152,111
DA:154,6
DA:156,6
DA:157,4
DA:158,4
DA:159,4
DA:176,4
DA:177,4
DA:180,2
DA:181,2
DA:182,2
DA:183,2
DA:184,2
DA:186,2
DA:187,2
DA:188,2
DA:189,2
DA:190,2
DA:191,2
DA:193,0
DA:194,0
DA:195,0
DA:196,0
DA:197,0
DA:199,2
DA:201,0
DA:202,0
DA:203,0
DA:204,0
DA:205,0
DA:206,0
DA:207,0
DA:209,0
DA:210,0
DA:212,0
DA:215,0
DA:216,0
DA:220,111
DA:222,0
DA:223,0
DA:227,111
DA:228,112
DA:231,112
DA:232,10
DA:233,10
DA:237,102
DA:238,102
DA:240,102
DA:241,2
DA:242,2
DA:243,2
DA:247,100
DA:252,100
DA:253,100
DA:255,100
DA:256,100
DA:257,100
DA:258,100
DA:268,41
DA:269,14
DA:273,41
DA:274,14
DA:275,14
DA:276,14
DA:277,8
DA:278,8
DA:279,8
DA:281,14
DA:285,41
DA:286,4
DA:287,4
DA:288,4
DA:289,4
DA:290,4
DA:291,4
DA:292,3
DA:293,3
DA:295,4
DA:296,4
DA:299,41
DA:301,11
DA:302,11
DA:303,11
DA:304,11
DA:305,11
DA:306,11
DA:309,41
LF:168
LH:139
BRDA:27,0,0,41
BRDA:27,0,1,0
BRDA:32,1,0,0
BRDA:32,1,1,41
BRDA:36,2,0,27
BRDA:36,2,1,14
BRDA:91,3,0,2
BRDA:91,3,1,27
BRDA:97,4,0,3
BRDA:100,5,0,1
BRDA:100,5,1,2
BRDA:100,6,0,3
BRDA:100,6,1,2
BRDA:105,7,0,2
BRDA:105,7,1,0
BRDA:107,8,0,2
BRDA:107,8,1,0
BRDA:117,9,0,11
BRDA:117,9,1,100
BRDA:120,10,0,100
BRDA:120,10,1,11
BRDA:126,11,0,100
BRDA:126,11,1,11
BRDA:135,12,0,0
BRDA:135,12,1,111
BRDA:140,13,0,0
BRDA:140,13,1,0
BRDA:149,14,0,100
BRDA:149,14,1,7
BRDA:156,15,0,4
BRDA:156,15,1,2
BRDA:156,16,0,6
BRDA:156,16,1,4
BRDA:180,17,0,2
BRDA:180,17,1,0
BRDA:182,18,0,2
BRDA:182,18,1,0
BRDA:184,19,0,2
BRDA:184,19,1,0
BRDA:193,20,0,0
BRDA:193,20,1,0
BRDA:202,21,0,0
BRDA:202,21,1,0
BRDA:205,22,0,0
BRDA:205,22,1,0
BRDA:209,23,0,0
BRDA:209,23,1,0
BRDA:210,24,0,0
BRDA:210,24,1,0
BRDA:215,25,0,0
BRDA:215,25,1,0
BRDA:222,26,0,0
BRDA:222,26,1,0
BRDA:231,27,0,10
BRDA:231,27,1,102
BRDA:231,28,0,112
BRDA:231,28,1,102
BRDA:231,28,2,102
BRDA:240,29,0,2
BRDA:240,29,1,100
BRDA:257,30,0,100
BRDA:257,30,1,0
BRDA:257,31,0,100
BRDA:257,31,1,100
BRDA:257,31,2,100
BRDA:276,32,0,8
BRDA:276,32,1,6
BRDA:291,33,0,3
BRDA:291,33,1,1
BRF:69
BRH:44
end_of_record
TN:
SF:src/lib/constants.ts
FN:18,escapeRegex
FN:45,normalizeLanguageCode
FN:57,buildPrimaryWakePhrase
FN:63,(anonymous_3)
FN:74,wakePhraseVariants
FN:85,buildWakePhrases
FN:141,buildStopPhrasesRegex
FN:152,(anonymous_7)
FN:154,(anonymous_8)
FN:161,(anonymous_9)
FN:181,getContextLimit
FNF:11
FNH:11
FNDA:588,escapeRegex
FNDA:103,normalizeLanguageCode
FNDA:70,buildPrimaryWakePhrase
FNDA:2,(anonymous_3)
FNDA:61,wakePhraseVariants
FNDA:34,buildWakePhrases
FNDA:44,buildStopPhrasesRegex
FNDA:588,(anonymous_7)
FNDA:1575,(anonymous_8)
FNDA:588,(anonymous_9)
FNDA:4,getContextLimit
DA:9,2
DA:11,2
DA:15,2
DA:19,588
DA:20,588
DA:23,2
DA:30,2
DA:46,103
DA:47,103
DA:48,103
DA:62,70
DA:63,2
DA:66,70
DA:68,69
DA:69,70
DA:70,70
DA:71,70
DA:76,61
DA:86,34
DA:87,34
DA:88,34
DA:89,34
DA:91,34
DA:93,34
DA:94,54
DA:95,54
DA:96,54
DA:97,216
DA:102,34
DA:103,7
DA:104,7
DA:105,28
DA:109,34
DA:117,2
DA:119,2
DA:125,2
DA:126,2
DA:145,44
DA:146,44
DA:147,44
DA:151,44
DA:152,588
DA:154,1575
DA:157,44
DA:161,44
DA:162,588
DA:163,588
DA:164,586
DA:166,2
DA:169,44
DA:177,2
DA:182,4
DA:186,2
DA:188,2
LF:54
LH:54
BRDA:19,0,0,0
BRDA:19,0,1,588
BRDA:46,1,0,103
BRDA:46,1,1,0
BRDA:47,2,0,0
BRDA:47,2,1,103
BRDA:47,3,0,103
BRDA:47,3,1,103
BRDA:48,4,0,103
BRDA:48,4,1,0
BRDA:59,5,0,70
BRDA:66,6,0,1
BRDA:66,6,1,69
BRDA:68,7,0,69
BRDA:68,7,1,0
BRDA:70,8,0,70
BRDA:70,8,1,0
BRDA:85,9,0,34
BRDA:86,10,0,34
BRDA:86,10,1,3
BRDA:88,11,0,34
BRDA:88,11,1,0
BRDA:95,12,0,0
BRDA:95,12,1,54
BRDA:102,13,0,7
BRDA:102,13,1,27
BRDA:143,14,0,44
BRDA:145,15,0,44
BRDA:145,15,1,8
BRDA:146,16,0,44
BRDA:146,16,1,8
BRDA:147,17,0,33
BRDA:147,17,1,11
BRDA:157,18,0,0
BRDA:157,18,1,44
BRDA:163,19,0,586
BRDA:163,19,1,2
BRF:37
BRH:28
end_of_record
TN:
SF:src/lib/formatting.ts
FN:2,esc
FN:12,timeAgo
FN:21,fmtTokens
FN:29,fmtCost
FN:34,fmtK
FN:39,decodeHtmlEntities
FNF:6
FNH:6
FNDA:9,esc
FNDA:6,timeAgo
FNDA:9,fmtTokens
FNDA:4,fmtCost
FNDA:6,fmtK
FNDA:7,decodeHtmlEntities
DA:3,9
DA:4,6
DA:13,6
DA:14,6
DA:15,5
DA:16,3
DA:17,1
DA:22,9
DA:23,7
DA:24,5
DA:25,2
DA:30,4
DA:35,6
DA:40,7
LF:14
LH:14
BRDA:3,0,0,3
BRDA:3,0,1,6
BRDA:14,1,0,1
BRDA:14,1,1,5
BRDA:15,2,0,2
BRDA:15,2,1,3
BRDA:16,3,0,2
BRDA:16,3,1,1
BRDA:22,4,0,2
BRDA:22,4,1,7
BRDA:23,5,0,2
BRDA:23,5,1,5
BRDA:24,6,0,3
BRDA:24,6,1,2
BRDA:35,7,0,3
BRDA:35,7,1,3
BRF:16
BRH:16
end_of_record
TN:
SF:src/lib/sanitize.ts
FN:28,(anonymous_0)
FN:84,(anonymous_1)
FNF:2
FNH:2
FNDA:34,(anonymous_0)
FNDA:13,(anonymous_1)
DA:28,1
DA:29,34
DA:84,1
DA:85,13
DA:86,13
DA:87,13
DA:90,0
LF:7
LH:6
BRDA:90,0,0,0
BRDA:90,0,1,0
BRDA:90,0,2,0
BRF:3
BRH:0
end_of_record
